<?xml version="1.0" encoding="UTF-8"?>
<testsuite xmlns:xsi="http://www.w3.org/2001/XMLSchema-instance" xsi:noNamespaceSchemaLocation="https://maven.apache.org/surefire/maven-surefire-plugin/xsd/surefire-test-report-3.0.xsd" version="3.0" name="com.example.infra.TicketeroStackTest" time="0.056" tests="5" errors="0" skipped="0" failures="0">
  <properties>
[...]
</properties>
  <testcase name="devConfigHasCorrectSettings" classname="com.example.infra.TicketeroStackTest" time="0.023"/>
  <testcase name="prodEnvironmentHasCorrectHAProfile" classname="com.example.infra.TicketeroStackTest" time="0.001"/>
  <testcase name="devEnvironmentHasCorrectCostProfile" classname="com.example.infra.TicketeroStackTest" time="0.002"/>
  <testcase name="prodConfigHasCorrectSettings" classname="com.example.infra.TicketeroStackTest" time="0.0"/>
  <testcase name="resourceNameGenerationWorks" classname="com.example.infra.TicketeroStackTest" time="0.005"/>
</testsuite>