<?xml version="1.0" encoding="UTF-8"?>
<testsuite xmlns:xsi="http://www.w3.org/2001/XMLSchema-instance" xsi:noNamespaceSchemaLocation="https://maven.apache.org/surefire/maven-surefire-plugin/xsd/surefire-test-report-3.0.xsd" version="3.0" name="com.example.ticketero.integration.TicketE2ETest" time="9.139" tests="6" errors="0" skipped="0" failures="0">
  <properties>
[...]
</properties>
  <testcase name="shouldCreateTicketForPersonalBanker" classname="com.example.ticketero.integration.TicketE2ETest" time="2.132">
    <system-out><![CDATA[05:47:45.074 [main] INFO org.springframework.test.context.support.AnnotationConfigContextLoaderUtils -- Could not detect default configuration classes for test class [com.example.ticketero.integration.TicketE2ETest]: TicketE2ETest does not declare any static, non-private, non-final, nested classes annotated with @Configuration.
05:47:45.215 [main] INFO org.springframework.boot.test.context.SpringBootTestContextBootstrapper -- Found @SpringBootConfiguration com.example.ticketero.TicketeroApplication for test class com.example.ticketero.integration.TicketE2ETest

  .   ____          _            __ _ _
 /\\ / ___'_ __ _ _(_)_ __  __ _ \ \ \ \
( ( )\___ | '_ | '_| | '_ \/ _` | \ \ \ \
 \\/  ___)| |_)| | | | | || (_| |  ) ) ) )
  '  |____| .__|_| |_|_| |_\__, | / / / /
 =========|_|==============|___/=/_/_/_/
 :: Spring Boot ::               (v3.2.11)

✅ E2E Tests configured with H2 database (TestContainers alternative)
2025-12-26 05:47:45 - Starting TicketE2ETest using Java 21.0.8 with PID 29576 (started by Daniel in c:\Desarrollo\capacitación\ticketero-digital)
2025-12-26 05:47:45 - Running with Spring Boot v3.2.11, Spring v6.1.14
2025-12-26 05:47:45 - The following 1 profile is active: "test"
2025-12-26 05:47:47 - Starting service [Tomcat]
2025-12-26 05:47:47 - Starting Servlet engine: [Apache Tomcat/10.1.31]
2025-12-26 05:47:47 - Initializing Spring embedded WebApplicationContext
2025-12-26 05:47:48 - Filter 'webMvcObservationFilter' configured for use
2025-12-26 05:47:48 - HHH000204: Processing PersistenceUnitInfo [name: default]
2025-12-26 05:47:48 - HHH000412: Hibernate ORM core version 6.4.10.Final
2025-12-26 05:47:48 - HHH000026: Second-level cache disabled
2025-12-26 05:47:48 - HikariPool-1 - Starting...
2025-12-26 05:47:48 - HikariPool-1 - Added connection conn0: url=jdbc:h2:mem:testdb user=SA
2025-12-26 05:47:48 - HikariPool-1 - Start completed.
2025-12-26 05:47:48 - HHH90000025: H2Dialect does not need to be specified explicitly using 'hibernate.dialect' (remove the property setting and it will be selected by default)
2025-12-26 05:47:49 - HHH000489: No JTA platform available (set 'hibernate.transaction.jta.platform' to enable JTA platform integration)
2025-12-26 05:47:49 - 
    drop table if exists advisor cascade 
Hibernate: 
    drop table if exists advisor cascade 
2025-12-26 05:47:49 - 
    drop table if exists mensaje cascade 
Hibernate: 
    drop table if exists mensaje cascade 
2025-12-26 05:47:49 - 
    drop table if exists ticket cascade 
Hibernate: 
    drop table if exists ticket cascade 
2025-12-26 05:47:49 - 
    create table advisor (
        assigned_tickets_count integer not null,
        module_number integer not null,
        created_at timestamp(6) not null,
        id bigint generated by default as identity,
        updated_at timestamp(6),
        status varchar(20) not null check (status in ('AVAILABLE','BUSY','OFFLINE')),
        email varchar(100) not null unique,
        name varchar(100) not null,
        primary key (id)
    )
Hibernate: 
    create table advisor (
        assigned_tickets_count integer not null,
        module_number integer not null,
        created_at timestamp(6) not null,
        id bigint generated by default as identity,
        updated_at timestamp(6),
        status varchar(20) not null check (status in ('AVAILABLE','BUSY','OFFLINE')),
        email varchar(100) not null unique,
        name varchar(100) not null,
        primary key (id)
    )
2025-12-26 05:47:49 - 
    create table mensaje (
        intentos integer not null,
        created_at timestamp(6) not null,
        fecha_envio timestamp(6),
        fecha_programada timestamp(6) not null,
        id bigint generated by default as identity,
        ticket_id bigint not null,
        estado_envio varchar(20) not null check (estado_envio in ('PENDIENTE','ENVIADO','FALLIDO')),
        plantilla varchar(50) not null check (plantilla in ('TOTEM_TICKET_CREADO','TOTEM_PROXIMO_TURNO','TOTEM_ES_TU_TURNO')),
        telegram_message_id varchar(50),
        primary key (id)
    )
Hibernate: 
    create table mensaje (
        intentos integer not null,
        created_at timestamp(6) not null,
        fecha_envio timestamp(6),
        fecha_programada timestamp(6) not null,
        id bigint generated by default as identity,
        ticket_id bigint not null,
        estado_envio varchar(20) not null check (estado_envio in ('PENDIENTE','ENVIADO','FALLIDO')),
        plantilla varchar(50) not null check (plantilla in ('TOTEM_TICKET_CREADO','TOTEM_PROXIMO_TURNO','TOTEM_ES_TU_TURNO')),
        telegram_message_id varchar(50),
        primary key (id)
    )
2025-12-26 05:47:49 - 
    create table ticket (
        assigned_module_number integer,
        estimated_wait_minutes integer not null,
        position_in_queue integer not null,
        assigned_advisor_id bigint,
        created_at timestamp(6) not null,
        id bigint generated by default as identity,
        updated_at timestamp(6) not null,
        numero varchar(10) not null unique,
        codigo_referencia uuid not null unique,
        national_id varchar(20) not null,
        queue_type varchar(20) not null check (queue_type in ('CAJA','PERSONAL_BANKER','EMPRESAS','GERENCIA')),
        status varchar(20) not null check (status in ('EN_ESPERA','PROXIMO','ATENDIENDO','COMPLETADO','CANCELADO','NO_ATENDIDO')),
        telefono varchar(20),
        branch_office varchar(100) not null,
        primary key (id)
    )
Hibernate: 
    create table ticket (
        assigned_module_number integer,
        estimated_wait_minutes integer not null,
        position_in_queue integer not null,
        assigned_advisor_id bigint,
        created_at timestamp(6) not null,
        id bigint generated by default as identity,
        updated_at timestamp(6) not null,
        numero varchar(10) not null unique,
        codigo_referencia uuid not null unique,
        national_id varchar(20) not null,
        queue_type varchar(20) not null check (queue_type in ('CAJA','PERSONAL_BANKER','EMPRESAS','GERENCIA')),
        status varchar(20) not null check (status in ('EN_ESPERA','PROXIMO','ATENDIENDO','COMPLETADO','CANCELADO','NO_ATENDIDO')),
        telefono varchar(20),
        branch_office varchar(100) not null,
        primary key (id)
    )
2025-12-26 05:47:49 - 
    alter table if exists mensaje 
       add constraint FK3qn39n5gv723602ui00hno4q6 
       foreign key (ticket_id) 
       references ticket
Hibernate: 
    alter table if exists mensaje 
       add constraint FK3qn39n5gv723602ui00hno4q6 
       foreign key (ticket_id) 
       references ticket
2025-12-26 05:47:49 - 
    alter table if exists ticket 
       add constraint FKjg0b5opj7k40seodv6nu2yg0o 
       foreign key (assigned_advisor_id) 
       references advisor
Hibernate: 
    alter table if exists ticket 
       add constraint FKjg0b5opj7k40seodv6nu2yg0o 
       foreign key (assigned_advisor_id) 
       references advisor
2025-12-26 05:47:50 - spring.jpa.open-in-view is enabled by default. Therefore, database queries may be performed during view rendering. Explicitly configure spring.jpa.open-in-view to disable this warning
2025-12-26 05:47:50 - 18 mappings in 'requestMappingHandlerMapping'
2025-12-26 05:47:50 - Patterns [/webjars/**, /**] in 'resourceHandlerMapping'
2025-12-26 05:47:50 - ControllerAdvice beans: 0 @ModelAttribute, 0 @InitBinder, 1 RequestBodyAdvice, 1 ResponseBodyAdvice
2025-12-26 05:47:50 - ControllerAdvice beans: 1 @ExceptionHandler, 1 ResponseBodyAdvice
2025-12-26 05:47:51 - Started TicketE2ETest in 6.123 seconds (process running for 7.079)
2025-12-26 05:47:51 - Message scheduler executing...
2025-12-26 05:47:51 - 
    select
        m1_0.id,
        m1_0.created_at,
        m1_0.estado_envio,
        m1_0.fecha_envio,
        m1_0.fecha_programada,
        m1_0.intentos,
        m1_0.plantilla,
        m1_0.telegram_message_id,
        m1_0.ticket_id 
    from
        mensaje m1_0 
    where
        m1_0.estado_envio='PENDIENTE' 
        and m1_0.fecha_programada<=? 
    order by
        m1_0.fecha_programada
Hibernate: 
    select
        m1_0.id,
        m1_0.created_at,
        m1_0.estado_envio,
        m1_0.fecha_envio,
        m1_0.fecha_programada,
        m1_0.intentos,
        m1_0.plantilla,
        m1_0.telegram_message_id,
        m1_0.ticket_id 
    from
        mensaje m1_0 
    where
        m1_0.estado_envio='PENDIENTE' 
        and m1_0.fecha_programada<=? 
    order by
        m1_0.fecha_programada
2025-12-26 05:47:51 - 
    select
        m1_0.id,
        m1_0.created_at,
        m1_0.estado_envio,
        m1_0.fecha_envio,
        m1_0.fecha_programada,
        m1_0.intentos,
        m1_0.plantilla,
        m1_0.telegram_message_id,
        m1_0.ticket_id 
    from
        mensaje m1_0 
    where
        m1_0.estado_envio='FALLIDO' 
        and m1_0.intentos<? 
        and m1_0.fecha_programada<=? 
    order by
        m1_0.fecha_programada
Hibernate: 
    select
        m1_0.id,
        m1_0.created_at,
        m1_0.estado_envio,
        m1_0.fecha_envio,
        m1_0.fecha_programada,
        m1_0.intentos,
        m1_0.plantilla,
        m1_0.telegram_message_id,
        m1_0.ticket_id 
    from
        mensaje m1_0 
    where
        m1_0.estado_envio='FALLIDO' 
        and m1_0.intentos<? 
        and m1_0.fecha_programada<=? 
    order by
        m1_0.fecha_programada
2025-12-26 05:47:51 - Queue processor scheduler executing...
2025-12-26 05:47:51 - Processing ticket queues
2025-12-26 05:47:51 - 
    select
        t1_0.id,
        t1_0.assigned_advisor_id,
        t1_0.assigned_module_number,
        t1_0.branch_office,
        t1_0.codigo_referencia,
        t1_0.created_at,
        t1_0.estimated_wait_minutes,
        t1_0.national_id,
        t1_0.numero,
        t1_0.position_in_queue,
        t1_0.queue_type,
        t1_0.status,
        t1_0.telefono,
        t1_0.updated_at 
    from
        ticket t1_0 
    where
        t1_0.status=?
Hibernate: 
    select
        t1_0.id,
        t1_0.assigned_advisor_id,
        t1_0.assigned_module_number,
        t1_0.branch_office,
        t1_0.codigo_referencia,
        t1_0.created_at,
        t1_0.estimated_wait_minutes,
        t1_0.national_id,
        t1_0.numero,
        t1_0.position_in_queue,
        t1_0.queue_type,
        t1_0.status,
        t1_0.telefono,
        t1_0.updated_at 
    from
        ticket t1_0 
    where
        t1_0.status=?
2025-12-26 05:47:51 - 
    select
        t1_0.id,
        t1_0.assigned_advisor_id,
        t1_0.assigned_module_number,
        t1_0.branch_office,
        t1_0.codigo_referencia,
        t1_0.created_at,
        t1_0.estimated_wait_minutes,
        t1_0.national_id,
        t1_0.numero,
        t1_0.position_in_queue,
        t1_0.queue_type,
        t1_0.status,
        t1_0.telefono,
        t1_0.updated_at 
    from
        ticket t1_0 
    where
        t1_0.status=?
Hibernate: 
    select
        t1_0.id,
        t1_0.assigned_advisor_id,
        t1_0.assigned_module_number,
        t1_0.branch_office,
        t1_0.codigo_referencia,
        t1_0.created_at,
        t1_0.estimated_wait_minutes,
        t1_0.national_id,
        t1_0.numero,
        t1_0.position_in_queue,
        t1_0.queue_type,
        t1_0.status,
        t1_0.telefono,
        t1_0.updated_at 
    from
        ticket t1_0 
    where
        t1_0.status=?
2025-12-26 05:47:51 - 
    select
        t1_0.id,
        t1_0.assigned_advisor_id,
        t1_0.assigned_module_number,
        t1_0.branch_office,
        t1_0.codigo_referencia,
        t1_0.created_at,
        t1_0.estimated_wait_minutes,
        t1_0.national_id,
        t1_0.numero,
        t1_0.position_in_queue,
        t1_0.queue_type,
        t1_0.status,
        t1_0.telefono,
        t1_0.updated_at 
    from
        ticket t1_0 
    where
        t1_0.status=?
Hibernate: 
    select
        t1_0.id,
        t1_0.assigned_advisor_id,
        t1_0.assigned_module_number,
        t1_0.branch_office,
        t1_0.codigo_referencia,
        t1_0.created_at,
        t1_0.estimated_wait_minutes,
        t1_0.national_id,
        t1_0.numero,
        t1_0.position_in_queue,
        t1_0.queue_type,
        t1_0.status,
        t1_0.telefono,
        t1_0.updated_at 
    from
        ticket t1_0 
    where
        t1_0.status=?
2025-12-26 05:47:52 - Initializing Spring DispatcherServlet 'dispatcherServlet'
2025-12-26 05:47:52 - Initializing Servlet 'dispatcherServlet'
2025-12-26 05:47:52 - Detected StandardServletMultipartResolver
2025-12-26 05:47:52 - Detected AcceptHeaderLocaleResolver
2025-12-26 05:47:52 - Detected FixedThemeResolver
2025-12-26 05:47:52 - Detected org.springframework.web.servlet.view.DefaultRequestToViewNameTranslator@184e7447
2025-12-26 05:47:52 - Detected org.springframework.web.servlet.support.SessionFlashMapManager@3096a890
2025-12-26 05:47:52 - enableLoggingRequestDetails='false': request parameters and headers will be masked to prevent unsafe logging of potentially sensitive data
2025-12-26 05:47:52 - Completed initialization in 1 ms
2025-12-26 05:47:52 - POST "/api/tickets", parameters={}
2025-12-26 05:47:52 - Mapped to com.example.ticketero.controller.TicketController#createTicket(CreateTicketRequest)
2025-12-26 05:47:53 - Read "application/json;charset=UTF-8" to [CreateTicketRequest[nationalId=12345678, telefono=null, branchOffice=Sucursal Centro, queueType=PERS (truncated)...]
2025-12-26 05:47:53 - POST /api/tickets - Creating ticket for nationalId: 12345678
2025-12-26 05:47:53 - Creating ticket for nationalId: 12345678, queueType: PERSONAL_BANKER
2025-12-26 05:47:53 - 
    select
        count(t1_0.id) 
    from
        ticket t1_0 
    where
        t1_0.queue_type=?
Hibernate: 
    select
        count(t1_0.id) 
    from
        ticket t1_0 
    where
        t1_0.queue_type=?
2025-12-26 05:47:53 - 
    select
        t1_0.id,
        t1_0.assigned_advisor_id,
        t1_0.assigned_module_number,
        t1_0.branch_office,
        t1_0.codigo_referencia,
        t1_0.created_at,
        t1_0.estimated_wait_minutes,
        t1_0.national_id,
        t1_0.numero,
        t1_0.position_in_queue,
        t1_0.queue_type,
        t1_0.status,
        t1_0.telefono,
        t1_0.updated_at 
    from
        ticket t1_0 
    where
        t1_0.status in (?, ?, ?) 
        and t1_0.queue_type=? 
    order by
        t1_0.created_at
Hibernate: 
    select
        t1_0.id,
        t1_0.assigned_advisor_id,
        t1_0.assigned_module_number,
        t1_0.branch_office,
        t1_0.codigo_referencia,
        t1_0.created_at,
        t1_0.estimated_wait_minutes,
        t1_0.national_id,
        t1_0.numero,
        t1_0.position_in_queue,
        t1_0.queue_type,
        t1_0.status,
        t1_0.telefono,
        t1_0.updated_at 
    from
        ticket t1_0 
    where
        t1_0.status in (?, ?, ?) 
        and t1_0.queue_type=? 
    order by
        t1_0.created_at
2025-12-26 05:47:53 - 
    insert 
    into
        ticket
        (assigned_advisor_id, assigned_module_number, branch_office, codigo_referencia, created_at, estimated_wait_minutes, national_id, numero, position_in_queue, queue_type, status, telefono, updated_at, id) 
    values
        (?, ?, ?, ?, ?, ?, ?, ?, ?, ?, ?, ?, ?, default)
Hibernate: 
    insert 
    into
        ticket
        (assigned_advisor_id, assigned_module_number, branch_office, codigo_referencia, created_at, estimated_wait_minutes, national_id, numero, position_in_queue, queue_type, status, telefono, updated_at, id) 
    values
        (?, ?, ?, ?, ?, ?, ?, ?, ?, ?, ?, ?, ?, default)
2025-12-26 05:47:53 - Ticket created with number: P01 and ID: 1
2025-12-26 05:47:53 - Using 'application/json', given [*/*] and supported [application/json, application/*+json]
2025-12-26 05:47:53 - Writing [TicketResponse[id=1, codigoReferencia=60453ff9-4f8c-486f-a374-f0860e1bcad7, numero=P01, nationalId=1 (truncated)...]
2025-12-26 05:47:53 - Completed 201 CREATED
]]></system-out>
    <system-err><![CDATA[WARNING: A Java agent has been loaded dynamically (C:\Users\Daniel\.m2\repository\net\bytebuddy\byte-buddy-agent\1.14.19\byte-buddy-agent-1.14.19.jar)
WARNING: If a serviceability tool is in use, please run with -XX:+EnableDynamicAgentLoading to hide this warning
WARNING: If a serviceability tool is not in use, please run with -Djdk.instrument.traceUsage for more information
WARNING: Dynamic loading of agents will be disallowed by default in a future release
]]></system-err>
  </testcase>
  <testcase name="shouldCreateTicketForEmpresas" classname="com.example.ticketero.integration.TicketE2ETest" time="0.057">
    <system-out><![CDATA[2025-12-26 05:47:53 - POST "/api/tickets", parameters={}
2025-12-26 05:47:53 - Mapped to com.example.ticketero.controller.TicketController#createTicket(CreateTicketRequest)
2025-12-26 05:47:53 - Read "application/json;charset=UTF-8" to [CreateTicketRequest[nationalId=87654321, telefono=null, branchOffice=Sucursal Norte, queueType=EMPRE (truncated)...]
2025-12-26 05:47:53 - POST /api/tickets - Creating ticket for nationalId: 87654321
2025-12-26 05:47:53 - Creating ticket for nationalId: 87654321, queueType: EMPRESAS
2025-12-26 05:47:53 - 
    select
        count(t1_0.id) 
    from
        ticket t1_0 
    where
        t1_0.queue_type=?
Hibernate: 
    select
        count(t1_0.id) 
    from
        ticket t1_0 
    where
        t1_0.queue_type=?
2025-12-26 05:47:53 - 
    select
        t1_0.id,
        t1_0.assigned_advisor_id,
        t1_0.assigned_module_number,
        t1_0.branch_office,
        t1_0.codigo_referencia,
        t1_0.created_at,
        t1_0.estimated_wait_minutes,
        t1_0.national_id,
        t1_0.numero,
        t1_0.position_in_queue,
        t1_0.queue_type,
        t1_0.status,
        t1_0.telefono,
        t1_0.updated_at 
    from
        ticket t1_0 
    where
        t1_0.status in (?, ?, ?) 
        and t1_0.queue_type=? 
    order by
        t1_0.created_at
Hibernate: 
    select
        t1_0.id,
        t1_0.assigned_advisor_id,
        t1_0.assigned_module_number,
        t1_0.branch_office,
        t1_0.codigo_referencia,
        t1_0.created_at,
        t1_0.estimated_wait_minutes,
        t1_0.national_id,
        t1_0.numero,
        t1_0.position_in_queue,
        t1_0.queue_type,
        t1_0.status,
        t1_0.telefono,
        t1_0.updated_at 
    from
        ticket t1_0 
    where
        t1_0.status in (?, ?, ?) 
        and t1_0.queue_type=? 
    order by
        t1_0.created_at
2025-12-26 05:47:53 - 
    insert 
    into
        ticket
        (assigned_advisor_id, assigned_module_number, branch_office, codigo_referencia, created_at, estimated_wait_minutes, national_id, numero, position_in_queue, queue_type, status, telefono, updated_at, id) 
    values
        (?, ?, ?, ?, ?, ?, ?, ?, ?, ?, ?, ?, ?, default)
Hibernate: 
    insert 
    into
        ticket
        (assigned_advisor_id, assigned_module_number, branch_office, codigo_referencia, created_at, estimated_wait_minutes, national_id, numero, position_in_queue, queue_type, status, telefono, updated_at, id) 
    values
        (?, ?, ?, ?, ?, ?, ?, ?, ?, ?, ?, ?, ?, default)
2025-12-26 05:47:53 - Ticket created with number: E01 and ID: 2
2025-12-26 05:47:53 - Using 'application/json', given [*/*] and supported [application/json, application/*+json]
2025-12-26 05:47:53 - Writing [TicketResponse[id=2, codigoReferencia=92a5e45f-62ba-4ab9-85f5-8cf093d75680, numero=E01, nationalId=8 (truncated)...]
2025-12-26 05:47:53 - Completed 201 CREATED
]]></system-out>
  </testcase>
  <testcase name="shouldRejectInvalidRequest" classname="com.example.ticketero.integration.TicketE2ETest" time="0.033">
    <system-out><![CDATA[2025-12-26 05:47:53 - POST "/api/tickets", parameters={}
2025-12-26 05:47:53 - Mapped to com.example.ticketero.controller.TicketController#createTicket(CreateTicketRequest)
2025-12-26 05:47:53 - Could not resolve parameter [0] in public org.springframework.http.ResponseEntity<com.example.ticketero.model.dto.response.TicketResponse> com.example.ticketero.controller.TicketController.createTicket(com.example.ticketero.model.dto.request.CreateTicketRequest): JSON parse error: Cannot deserialize value of type `com.example.ticketero.model.enums.QueueType` from String "INVALID_QUEUE": not one of the values accepted for Enum class: [PERSONAL_BANKER, EMPRESAS, CAJA, GERENCIA]
2025-12-26 05:47:53 - Using @ExceptionHandler com.example.ticketero.controller.GlobalExceptionHandler#handleRuntimeException(RuntimeException)
2025-12-26 05:47:53 - Runtime exception: JSON parse error: Cannot deserialize value of type `com.example.ticketero.model.enums.QueueType` from String "INVALID_QUEUE": not one of the values accepted for Enum class: [PERSONAL_BANKER, EMPRESAS, CAJA, GERENCIA]
2025-12-26 05:47:53 - Using 'application/json', given [*/*] and supported [application/json, application/*+json]
2025-12-26 05:47:53 - Writing [ErrorResponse[message=JSON parse error: Cannot deserialize value of type `com.example.ticketero.mode (truncated)...]
2025-12-26 05:47:53 - Resolved [org.springframework.http.converter.HttpMessageNotReadableException: JSON parse error: Cannot deserialize value of type `com.example.ticketero.model.enums.QueueType` from String "INVALID_QUEUE": not one of the values accepted for Enum class: [PERSONAL_BANKER, EMPRESAS, CAJA, GERENCIA]]
2025-12-26 05:47:53 - Completed 400 BAD_REQUEST
]]></system-out>
  </testcase>
  <testcase name="shouldHandleMultipleTicketCreation" classname="com.example.ticketero.integration.TicketE2ETest" time="0.131">
    <system-out><![CDATA[2025-12-26 05:47:53 - POST "/api/tickets", parameters={}
2025-12-26 05:47:53 - Mapped to com.example.ticketero.controller.TicketController#createTicket(CreateTicketRequest)
2025-12-26 05:47:53 - Read "application/json;charset=UTF-8" to [CreateTicketRequest[nationalId=11111111, telefono=null, branchOffice=Sucursal Sur, queueType=CAJA]]
2025-12-26 05:47:53 - POST /api/tickets - Creating ticket for nationalId: 11111111
2025-12-26 05:47:53 - Creating ticket for nationalId: 11111111, queueType: CAJA
2025-12-26 05:47:53 - 
    select
        count(t1_0.id) 
    from
        ticket t1_0 
    where
        t1_0.queue_type=?
Hibernate: 
    select
        count(t1_0.id) 
    from
        ticket t1_0 
    where
        t1_0.queue_type=?
2025-12-26 05:47:53 - 
    select
        t1_0.id,
        t1_0.assigned_advisor_id,
        t1_0.assigned_module_number,
        t1_0.branch_office,
        t1_0.codigo_referencia,
        t1_0.created_at,
        t1_0.estimated_wait_minutes,
        t1_0.national_id,
        t1_0.numero,
        t1_0.position_in_queue,
        t1_0.queue_type,
        t1_0.status,
        t1_0.telefono,
        t1_0.updated_at 
    from
        ticket t1_0 
    where
        t1_0.status in (?, ?, ?) 
        and t1_0.queue_type=? 
    order by
        t1_0.created_at
Hibernate: 
    select
        t1_0.id,
        t1_0.assigned_advisor_id,
        t1_0.assigned_module_number,
        t1_0.branch_office,
        t1_0.codigo_referencia,
        t1_0.created_at,
        t1_0.estimated_wait_minutes,
        t1_0.national_id,
        t1_0.numero,
        t1_0.position_in_queue,
        t1_0.queue_type,
        t1_0.status,
        t1_0.telefono,
        t1_0.updated_at 
    from
        ticket t1_0 
    where
        t1_0.status in (?, ?, ?) 
        and t1_0.queue_type=? 
    order by
        t1_0.created_at
2025-12-26 05:47:53 - 
    insert 
    into
        ticket
        (assigned_advisor_id, assigned_module_number, branch_office, codigo_referencia, created_at, estimated_wait_minutes, national_id, numero, position_in_queue, queue_type, status, telefono, updated_at, id) 
    values
        (?, ?, ?, ?, ?, ?, ?, ?, ?, ?, ?, ?, ?, default)
Hibernate: 
    insert 
    into
        ticket
        (assigned_advisor_id, assigned_module_number, branch_office, codigo_referencia, created_at, estimated_wait_minutes, national_id, numero, position_in_queue, queue_type, status, telefono, updated_at, id) 
    values
        (?, ?, ?, ?, ?, ?, ?, ?, ?, ?, ?, ?, ?, default)
2025-12-26 05:47:53 - Ticket created with number: C01 and ID: 3
2025-12-26 05:47:53 - Using 'application/json', given [*/*] and supported [application/json, application/*+json]
2025-12-26 05:47:53 - Writing [TicketResponse[id=3, codigoReferencia=2d52233e-1886-45fb-9be5-0b61714bfa03, numero=C01, nationalId=1 (truncated)...]
2025-12-26 05:47:53 - Completed 201 CREATED
2025-12-26 05:47:53 - POST "/api/tickets", parameters={}
2025-12-26 05:47:53 - Mapped to com.example.ticketero.controller.TicketController#createTicket(CreateTicketRequest)
2025-12-26 05:47:53 - Read "application/json;charset=UTF-8" to [CreateTicketRequest[nationalId=22222222, telefono=null, branchOffice=Sucursal Sur, queueType=CAJA]]
2025-12-26 05:47:53 - POST /api/tickets - Creating ticket for nationalId: 22222222
2025-12-26 05:47:53 - Creating ticket for nationalId: 22222222, queueType: CAJA
2025-12-26 05:47:53 - 
    select
        count(t1_0.id) 
    from
        ticket t1_0 
    where
        t1_0.queue_type=?
Hibernate: 
    select
        count(t1_0.id) 
    from
        ticket t1_0 
    where
        t1_0.queue_type=?
2025-12-26 05:47:53 - 
    select
        t1_0.id,
        t1_0.assigned_advisor_id,
        t1_0.assigned_module_number,
        t1_0.branch_office,
        t1_0.codigo_referencia,
        t1_0.created_at,
        t1_0.estimated_wait_minutes,
        t1_0.national_id,
        t1_0.numero,
        t1_0.position_in_queue,
        t1_0.queue_type,
        t1_0.status,
        t1_0.telefono,
        t1_0.updated_at 
    from
        ticket t1_0 
    where
        t1_0.status in (?, ?, ?) 
        and t1_0.queue_type=? 
    order by
        t1_0.created_at
Hibernate: 
    select
        t1_0.id,
        t1_0.assigned_advisor_id,
        t1_0.assigned_module_number,
        t1_0.branch_office,
        t1_0.codigo_referencia,
        t1_0.created_at,
        t1_0.estimated_wait_minutes,
        t1_0.national_id,
        t1_0.numero,
        t1_0.position_in_queue,
        t1_0.queue_type,
        t1_0.status,
        t1_0.telefono,
        t1_0.updated_at 
    from
        ticket t1_0 
    where
        t1_0.status in (?, ?, ?) 
        and t1_0.queue_type=? 
    order by
        t1_0.created_at
2025-12-26 05:47:53 - 
    insert 
    into
        ticket
        (assigned_advisor_id, assigned_module_number, branch_office, codigo_referencia, created_at, estimated_wait_minutes, national_id, numero, position_in_queue, queue_type, status, telefono, updated_at, id) 
    values
        (?, ?, ?, ?, ?, ?, ?, ?, ?, ?, ?, ?, ?, default)
Hibernate: 
    insert 
    into
        ticket
        (assigned_advisor_id, assigned_module_number, branch_office, codigo_referencia, created_at, estimated_wait_minutes, national_id, numero, position_in_queue, queue_type, status, telefono, updated_at, id) 
    values
        (?, ?, ?, ?, ?, ?, ?, ?, ?, ?, ?, ?, ?, default)
2025-12-26 05:47:53 - Ticket created with number: C02 and ID: 4
2025-12-26 05:47:53 - Using 'application/json', given [*/*] and supported [application/json, application/*+json]
2025-12-26 05:47:53 - Writing [TicketResponse[id=4, codigoReferencia=df6dd1a1-42b1-4ce2-b720-87b2deab8c1e, numero=C02, nationalId=2 (truncated)...]
2025-12-26 05:47:53 - Completed 201 CREATED
2025-12-26 05:47:53 - GET "/api/tickets/3", parameters={}
2025-12-26 05:47:53 - Mapped to com.example.ticketero.controller.TicketController#getTicketById(Long)
2025-12-26 05:47:53 - GET /api/tickets/3 - Retrieving ticket
2025-12-26 05:47:53 - 
    select
        t1_0.id,
        t1_0.assigned_advisor_id,
        t1_0.assigned_module_number,
        t1_0.branch_office,
        t1_0.codigo_referencia,
        t1_0.created_at,
        t1_0.estimated_wait_minutes,
        t1_0.national_id,
        t1_0.numero,
        t1_0.position_in_queue,
        t1_0.queue_type,
        t1_0.status,
        t1_0.telefono,
        t1_0.updated_at 
    from
        ticket t1_0 
    where
        t1_0.id=?
Hibernate: 
    select
        t1_0.id,
        t1_0.assigned_advisor_id,
        t1_0.assigned_module_number,
        t1_0.branch_office,
        t1_0.codigo_referencia,
        t1_0.created_at,
        t1_0.estimated_wait_minutes,
        t1_0.national_id,
        t1_0.numero,
        t1_0.position_in_queue,
        t1_0.queue_type,
        t1_0.status,
        t1_0.telefono,
        t1_0.updated_at 
    from
        ticket t1_0 
    where
        t1_0.id=?
2025-12-26 05:47:53 - Using 'application/json', given [*/*] and supported [application/json, application/*+json]
2025-12-26 05:47:53 - Writing [TicketResponse[id=3, codigoReferencia=2d52233e-1886-45fb-9be5-0b61714bfa03, numero=C01, nationalId=1 (truncated)...]
2025-12-26 05:47:53 - Completed 200 OK
]]></system-out>
  </testcase>
  <testcase name="shouldRetrieveAllTickets" classname="com.example.ticketero.integration.TicketE2ETest" time="0.063">
    <system-out><![CDATA[2025-12-26 05:47:53 - POST "/api/tickets", parameters={}
2025-12-26 05:47:53 - Mapped to com.example.ticketero.controller.TicketController#createTicket(CreateTicketRequest)
2025-12-26 05:47:53 - Read "application/json;charset=UTF-8" to [CreateTicketRequest[nationalId=99999999, telefono=null, branchOffice=Sucursal Principal, queueType=G (truncated)...]
2025-12-26 05:47:53 - POST /api/tickets - Creating ticket for nationalId: 99999999
2025-12-26 05:47:53 - Creating ticket for nationalId: 99999999, queueType: GERENCIA
2025-12-26 05:47:53 - 
    select
        count(t1_0.id) 
    from
        ticket t1_0 
    where
        t1_0.queue_type=?
Hibernate: 
    select
        count(t1_0.id) 
    from
        ticket t1_0 
    where
        t1_0.queue_type=?
2025-12-26 05:47:53 - 
    select
        t1_0.id,
        t1_0.assigned_advisor_id,
        t1_0.assigned_module_number,
        t1_0.branch_office,
        t1_0.codigo_referencia,
        t1_0.created_at,
        t1_0.estimated_wait_minutes,
        t1_0.national_id,
        t1_0.numero,
        t1_0.position_in_queue,
        t1_0.queue_type,
        t1_0.status,
        t1_0.telefono,
        t1_0.updated_at 
    from
        ticket t1_0 
    where
        t1_0.status in (?, ?, ?) 
        and t1_0.queue_type=? 
    order by
        t1_0.created_at
Hibernate: 
    select
        t1_0.id,
        t1_0.assigned_advisor_id,
        t1_0.assigned_module_number,
        t1_0.branch_office,
        t1_0.codigo_referencia,
        t1_0.created_at,
        t1_0.estimated_wait_minutes,
        t1_0.national_id,
        t1_0.numero,
        t1_0.position_in_queue,
        t1_0.queue_type,
        t1_0.status,
        t1_0.telefono,
        t1_0.updated_at 
    from
        ticket t1_0 
    where
        t1_0.status in (?, ?, ?) 
        and t1_0.queue_type=? 
    order by
        t1_0.created_at
2025-12-26 05:47:53 - 
    insert 
    into
        ticket
        (assigned_advisor_id, assigned_module_number, branch_office, codigo_referencia, created_at, estimated_wait_minutes, national_id, numero, position_in_queue, queue_type, status, telefono, updated_at, id) 
    values
        (?, ?, ?, ?, ?, ?, ?, ?, ?, ?, ?, ?, ?, default)
Hibernate: 
    insert 
    into
        ticket
        (assigned_advisor_id, assigned_module_number, branch_office, codigo_referencia, created_at, estimated_wait_minutes, national_id, numero, position_in_queue, queue_type, status, telefono, updated_at, id) 
    values
        (?, ?, ?, ?, ?, ?, ?, ?, ?, ?, ?, ?, ?, default)
2025-12-26 05:47:53 - Ticket created with number: G01 and ID: 5
2025-12-26 05:47:53 - Using 'application/json', given [*/*] and supported [application/json, application/*+json]
2025-12-26 05:47:53 - Writing [TicketResponse[id=5, codigoReferencia=cc2d78c4-3afe-4d44-b05b-fb66d124ee57, numero=G01, nationalId=9 (truncated)...]
2025-12-26 05:47:53 - Completed 201 CREATED
2025-12-26 05:47:53 - GET "/api/tickets?status=EN_ESPERA", parameters={masked}
2025-12-26 05:47:53 - Mapped to com.example.ticketero.controller.TicketController#getTickets(TicketStatus, QueueType)
2025-12-26 05:47:53 - GET /api/tickets - Retrieving tickets with status: EN_ESPERA, queueType: null
2025-12-26 05:47:53 - 
    select
        t1_0.id,
        t1_0.assigned_advisor_id,
        t1_0.assigned_module_number,
        t1_0.branch_office,
        t1_0.codigo_referencia,
        t1_0.created_at,
        t1_0.estimated_wait_minutes,
        t1_0.national_id,
        t1_0.numero,
        t1_0.position_in_queue,
        t1_0.queue_type,
        t1_0.status,
        t1_0.telefono,
        t1_0.updated_at 
    from
        ticket t1_0 
    where
        t1_0.status=?
Hibernate: 
    select
        t1_0.id,
        t1_0.assigned_advisor_id,
        t1_0.assigned_module_number,
        t1_0.branch_office,
        t1_0.codigo_referencia,
        t1_0.created_at,
        t1_0.estimated_wait_minutes,
        t1_0.national_id,
        t1_0.numero,
        t1_0.position_in_queue,
        t1_0.queue_type,
        t1_0.status,
        t1_0.telefono,
        t1_0.updated_at 
    from
        ticket t1_0 
    where
        t1_0.status=?
2025-12-26 05:47:53 - Using 'application/json', given [*/*] and supported [application/json, application/*+json]
2025-12-26 05:47:53 - Writing [[TicketResponse[id=1, codigoReferencia=60453ff9-4f8c-486f-a374-f0860e1bcad7, numero=P01, nationalId= (truncated)...]
2025-12-26 05:47:53 - Completed 200 OK
]]></system-out>
  </testcase>
  <testcase name="shouldHandleConcurrentRequests" classname="com.example.ticketero.integration.TicketE2ETest" time="0.064">
    <system-out><![CDATA[2025-12-26 05:47:54 - POST "/api/tickets", parameters={}
2025-12-26 05:47:54 - Mapped to com.example.ticketero.controller.TicketController#createTicket(CreateTicketRequest)
2025-12-26 05:47:54 - Read "application/json;charset=UTF-8" to [CreateTicketRequest[nationalId=33333333, telefono=null, branchOffice=Sucursal Este, queueType=CAJA]]
2025-12-26 05:47:54 - POST /api/tickets - Creating ticket for nationalId: 33333333
2025-12-26 05:47:54 - Creating ticket for nationalId: 33333333, queueType: CAJA
2025-12-26 05:47:54 - 
    select
        count(t1_0.id) 
    from
        ticket t1_0 
    where
        t1_0.queue_type=?
Hibernate: 
    select
        count(t1_0.id) 
    from
        ticket t1_0 
    where
        t1_0.queue_type=?
2025-12-26 05:47:54 - 
    select
        t1_0.id,
        t1_0.assigned_advisor_id,
        t1_0.assigned_module_number,
        t1_0.branch_office,
        t1_0.codigo_referencia,
        t1_0.created_at,
        t1_0.estimated_wait_minutes,
        t1_0.national_id,
        t1_0.numero,
        t1_0.position_in_queue,
        t1_0.queue_type,
        t1_0.status,
        t1_0.telefono,
        t1_0.updated_at 
    from
        ticket t1_0 
    where
        t1_0.status in (?, ?, ?) 
        and t1_0.queue_type=? 
    order by
        t1_0.created_at
Hibernate: 
    select
        t1_0.id,
        t1_0.assigned_advisor_id,
        t1_0.assigned_module_number,
        t1_0.branch_office,
        t1_0.codigo_referencia,
        t1_0.created_at,
        t1_0.estimated_wait_minutes,
        t1_0.national_id,
        t1_0.numero,
        t1_0.position_in_queue,
        t1_0.queue_type,
        t1_0.status,
        t1_0.telefono,
        t1_0.updated_at 
    from
        ticket t1_0 
    where
        t1_0.status in (?, ?, ?) 
        and t1_0.queue_type=? 
    order by
        t1_0.created_at
2025-12-26 05:47:54 - 
    insert 
    into
        ticket
        (assigned_advisor_id, assigned_module_number, branch_office, codigo_referencia, created_at, estimated_wait_minutes, national_id, numero, position_in_queue, queue_type, status, telefono, updated_at, id) 
    values
        (?, ?, ?, ?, ?, ?, ?, ?, ?, ?, ?, ?, ?, default)
Hibernate: 
    insert 
    into
        ticket
        (assigned_advisor_id, assigned_module_number, branch_office, codigo_referencia, created_at, estimated_wait_minutes, national_id, numero, position_in_queue, queue_type, status, telefono, updated_at, id) 
    values
        (?, ?, ?, ?, ?, ?, ?, ?, ?, ?, ?, ?, ?, default)
2025-12-26 05:47:54 - Ticket created with number: C03 and ID: 6
2025-12-26 05:47:54 - Using 'application/json', given [*/*] and supported [application/json, application/*+json]
2025-12-26 05:47:54 - Writing [TicketResponse[id=6, codigoReferencia=454c502f-da23-4fdb-bb0e-1d366e2ccf29, numero=C03, nationalId=3 (truncated)...]
2025-12-26 05:47:54 - Completed 201 CREATED
2025-12-26 05:47:54 - POST "/api/tickets", parameters={}
2025-12-26 05:47:54 - Mapped to com.example.ticketero.controller.TicketController#createTicket(CreateTicketRequest)
2025-12-26 05:47:54 - Read "application/json;charset=UTF-8" to [CreateTicketRequest[nationalId=44444444, telefono=null, branchOffice=Sucursal Oeste, queueType=EMPRE (truncated)...]
2025-12-26 05:47:54 - POST /api/tickets - Creating ticket for nationalId: 44444444
2025-12-26 05:47:54 - Creating ticket for nationalId: 44444444, queueType: EMPRESAS
2025-12-26 05:47:54 - 
    select
        count(t1_0.id) 
    from
        ticket t1_0 
    where
        t1_0.queue_type=?
Hibernate: 
    select
        count(t1_0.id) 
    from
        ticket t1_0 
    where
        t1_0.queue_type=?
2025-12-26 05:47:54 - 
    select
        t1_0.id,
        t1_0.assigned_advisor_id,
        t1_0.assigned_module_number,
        t1_0.branch_office,
        t1_0.codigo_referencia,
        t1_0.created_at,
        t1_0.estimated_wait_minutes,
        t1_0.national_id,
        t1_0.numero,
        t1_0.position_in_queue,
        t1_0.queue_type,
        t1_0.status,
        t1_0.telefono,
        t1_0.updated_at 
    from
        ticket t1_0 
    where
        t1_0.status in (?, ?, ?) 
        and t1_0.queue_type=? 
    order by
        t1_0.created_at
Hibernate: 
    select
        t1_0.id,
        t1_0.assigned_advisor_id,
        t1_0.assigned_module_number,
        t1_0.branch_office,
        t1_0.codigo_referencia,
        t1_0.created_at,
        t1_0.estimated_wait_minutes,
        t1_0.national_id,
        t1_0.numero,
        t1_0.position_in_queue,
        t1_0.queue_type,
        t1_0.status,
        t1_0.telefono,
        t1_0.updated_at 
    from
        ticket t1_0 
    where
        t1_0.status in (?, ?, ?) 
        and t1_0.queue_type=? 
    order by
        t1_0.created_at
2025-12-26 05:47:54 - 
    insert 
    into
        ticket
        (assigned_advisor_id, assigned_module_number, branch_office, codigo_referencia, created_at, estimated_wait_minutes, national_id, numero, position_in_queue, queue_type, status, telefono, updated_at, id) 
    values
        (?, ?, ?, ?, ?, ?, ?, ?, ?, ?, ?, ?, ?, default)
Hibernate: 
    insert 
    into
        ticket
        (assigned_advisor_id, assigned_module_number, branch_office, codigo_referencia, created_at, estimated_wait_minutes, national_id, numero, position_in_queue, queue_type, status, telefono, updated_at, id) 
    values
        (?, ?, ?, ?, ?, ?, ?, ?, ?, ?, ?, ?, ?, default)
2025-12-26 05:47:54 - Ticket created with number: E02 and ID: 7
2025-12-26 05:47:54 - Using 'application/json', given [*/*] and supported [application/json, application/*+json]
2025-12-26 05:47:54 - Writing [TicketResponse[id=7, codigoReferencia=3e9d3866-ff27-476a-bfca-996587da7254, numero=E02, nationalId=4 (truncated)...]
2025-12-26 05:47:54 - Completed 201 CREATED
2025-12-26 05:47:54 - GET "/api/tickets?status=EN_ESPERA", parameters={masked}
2025-12-26 05:47:54 - Mapped to com.example.ticketero.controller.TicketController#getTickets(TicketStatus, QueueType)
2025-12-26 05:47:54 - GET /api/tickets - Retrieving tickets with status: EN_ESPERA, queueType: null
2025-12-26 05:47:54 - 
    select
        t1_0.id,
        t1_0.assigned_advisor_id,
        t1_0.assigned_module_number,
        t1_0.branch_office,
        t1_0.codigo_referencia,
        t1_0.created_at,
        t1_0.estimated_wait_minutes,
        t1_0.national_id,
        t1_0.numero,
        t1_0.position_in_queue,
        t1_0.queue_type,
        t1_0.status,
        t1_0.telefono,
        t1_0.updated_at 
    from
        ticket t1_0 
    where
        t1_0.status=?
Hibernate: 
    select
        t1_0.id,
        t1_0.assigned_advisor_id,
        t1_0.assigned_module_number,
        t1_0.branch_office,
        t1_0.codigo_referencia,
        t1_0.created_at,
        t1_0.estimated_wait_minutes,
        t1_0.national_id,
        t1_0.numero,
        t1_0.position_in_queue,
        t1_0.queue_type,
        t1_0.status,
        t1_0.telefono,
        t1_0.updated_at 
    from
        ticket t1_0 
    where
        t1_0.status=?
2025-12-26 05:47:54 - Using 'application/json', given [*/*] and supported [application/json, application/*+json]
2025-12-26 05:47:54 - Writing [[TicketResponse[id=1, codigoReferencia=60453ff9-4f8c-486f-a374-f0860e1bcad7, numero=P01, nationalId= (truncated)...]
2025-12-26 05:47:54 - Completed 200 OK
]]></system-out>
  </testcase>
</testsuite>